2023.02.10 02:21:38 INFO  tracing is disabled for protocol LSP, to enable tracing of incoming and outgoing JSON messages create an empty file at /Users/rimantovas/Projects/meetelp/flutter_help_scout/.metals/lsp.trace.json or /Users/rimantovas/Library/Caches/org.scalameta.metals/lsp.trace.json
2023.02.10 02:21:38 INFO  logging to file /Users/rimantovas/Projects/meetelp/flutter_help_scout/.metals/metals.log
2023.02.10 02:21:38 INFO  Started: Metals version 0.11.10 in workspace '/Users/rimantovas/Projects/meetelp/flutter_help_scout' for client Visual Studio Code 1.75.0.
2023.02.10 02:21:38 WARN  Can't instantiate JavaInteractiveSemanticdb (version: JdkVersion(8), jdkHome: /Library/Internet Plug-Ins/JavaAppletPlugin.plugin/Contents/Home, javac exists: false)
SLF4J: No SLF4J providers were found.
SLF4J: Defaulting to no-operation (NOP) logger implementation
SLF4J: See https://www.slf4j.org/codes.html#noProviders for further details.
SLF4J: Class path contains SLF4J bindings targeting slf4j-api versions 1.7.x or earlier.
SLF4J: Ignoring binding found at [jar:file:/Users/rimantovas/Library/Caches/Coursier/v1/https/repo1.maven.org/maven2/com/outr/scribe-slf4j_2.13/3.10.5/scribe-slf4j_2.13-3.10.5.jar!/org/slf4j/impl/StaticLoggerBinder.class]
SLF4J: See https://www.slf4j.org/codes.html#ignoredBindings for an explanation.
2023.02.10 02:21:40 INFO  time: initialize in 1.27s
2023.02.10 02:21:41 WARN  Build server is not auto-connectable.
2023.02.10 02:21:41 WARN  no build tool detected in workspace '/Users/rimantovas/Projects/meetelp/flutter_help_scout'. The most common cause for this problem is that the editor was opened in the wrong working directory, for example if you use sbt then the workspace directory should contain build.sbt. 
2023.02.10 02:21:41 WARN  no build target for: /Users/rimantovas/Projects/meetelp/flutter_help_scout/android/src/main/java/dev/kelvinforteta/flutter_help_scout/BeaconHelpers.java
2023.02.10 02:21:49 WARN  no build target for: /Users/rimantovas/Projects/meetelp/flutter_help_scout/android/src/main/java/dev/kelvinforteta/flutter_help_scout/FlutterHelpScoutPlugin.java
2023.02.10 02:21:54 WARN  no build target for: /Users/rimantovas/Projects/meetelp/flutter_help_scout/android/src/main/java/dev/kelvinforteta/flutter_help_scout/BeaconHelpers.java
2023.02.10 02:26:47 WARN  no build target for: /Users/rimantovas/Projects/meetelp/flutter_help_scout/android/src/main/java/dev/kelvinforteta/flutter_help_scout/FlutterHelpScoutPlugin.java
2023.02.10 02:30:19 WARN  no build target for: /Users/rimantovas/Projects/meetelp/flutter_help_scout/android/src/main/java/dev/kelvinforteta/flutter_help_scout/BeaconHelpers.java
2023.02.10 02:30:26 WARN  no build target for: /Users/rimantovas/Projects/meetelp/flutter_help_scout/android/src/main/java/dev/kelvinforteta/flutter_help_scout/FlutterHelpScoutPlugin.java
2023.02.10 02:30:57 WARN  no build target for: /Users/rimantovas/Projects/meetelp/flutter_help_scout/android/src/main/java/dev/kelvinforteta/flutter_help_scout/BeaconHelpers.java
2023.02.10 02:32:13 WARN  no build target for: /Users/rimantovas/Projects/meetelp/flutter_help_scout/android/src/main/java/dev/kelvinforteta/flutter_help_scout/BeaconHelpers.java
Feb 10, 2023 2:33:00 AM org.eclipse.lsp4j.jsonrpc.RemoteEndpoint handleCancellation
WARNING: Unmatched cancel notification for request id 72
Feb 10, 2023 2:33:53 AM org.eclipse.lsp4j.jsonrpc.RemoteEndpoint handleCancellation
WARNING: Unmatched cancel notification for request id 276
Feb 10, 2023 2:33:54 AM org.eclipse.lsp4j.jsonrpc.RemoteEndpoint handleCancellation
WARNING: Unmatched cancel notification for request id 285
2023.02.10 02:38:17 WARN  no build target for: /Users/rimantovas/Projects/meetelp/flutter_help_scout/android/src/main/java/dev/kelvinforteta/flutter_help_scout/FlutterHelpScoutPlugin.java
Feb 10, 2023 2:39:54 AM org.eclipse.lsp4j.jsonrpc.RemoteEndpoint handleCancellation
WARNING: Unmatched cancel notification for request id 631
Feb 10, 2023 2:39:56 AM org.eclipse.lsp4j.jsonrpc.RemoteEndpoint handleCancellation
WARNING: Unmatched cancel notification for request id 645
2023.02.10 02:41:04 WARN  no build target for: /Users/rimantovas/Projects/meetelp/flutter_help_scout/android/src/main/java/dev/kelvinforteta/flutter_help_scout/BeaconHelpers.java
2023.02.10 02:41:05 WARN  no build target for: /Users/rimantovas/Projects/meetelp/flutter_help_scout/android/src/main/java/dev/kelvinforteta/flutter_help_scout/FlutterHelpScoutPlugin.java
Feb 10, 2023 2:48:41 AM org.eclipse.lsp4j.jsonrpc.services.GenericEndpoint notify
INFO: Unsupported notification method: $/setTrace
Feb 10, 2023 2:51:04 AM org.eclipse.lsp4j.jsonrpc.RemoteEndpoint handleCancellation
WARNING: Unmatched cancel notification for request id 884
Feb 10, 2023 2:53:08 AM org.eclipse.lsp4j.jsonrpc.RemoteEndpoint handleCancellation
WARNING: Unmatched cancel notification for request id 946
2023.02.10 02:57:42 WARN  no build target for: /Users/rimantovas/Projects/meetelp/flutter_help_scout/android/src/main/java/dev/kelvinforteta/flutter_help_scout/FlutterHelpScoutPlugin.java
Feb 10, 2023 1:42:03 PM org.eclipse.lsp4j.jsonrpc.RemoteEndpoint handleCancellation
WARNING: Unmatched cancel notification for request id 1080
2023.02.10 14:53:50 WARN  Cannot tokenize Java file file:///Users/rimantovas/Projects/meetelp/flutter_help_scout/android/src/main/java/dev/kelvinforteta/flutter_help_scout/BeaconHelpers.javaorg.eclipse.jdt.core.compiler.InvalidInputException: Invalid_Char_In_String
	at org.eclipse.jdt.internal.core.util.PublicScanner.getNextToken(PublicScanner.java:1564)
	at scala.meta.internal.parsing.JavaTokens$.loop$1(JavaTokens.scala:71)
	at scala.meta.internal.parsing.JavaTokens$.$anonfun$tokenize$1(JavaTokens.scala:75)
	at scala.util.Try$.apply(Try.scala:210)
	at scala.meta.internal.parsing.JavaTokens$.tokenize(JavaTokens.scala:35)
	at scala.meta.internal.parsing.TokenEditDistance$.apply(TokenEditDistance.scala:370)
	at scala.meta.internal.metals.Diagnostics.publishDiagnostics(Diagnostics.scala:226)
	at scala.meta.internal.metals.Diagnostics.publishDiagnostics(Diagnostics.scala:188)
	at scala.meta.internal.metals.Diagnostics.didChange(Diagnostics.scala:136)
	at scala.meta.internal.metals.MetalsLanguageServer.didChange(MetalsLanguageServer.scala:1275)
	at sun.reflect.GeneratedMethodAccessor8.invoke(null)
	at sun.reflect.DelegatingMethodAccessorImpl.invoke(DelegatingMethodAccessorImpl.java:43)
	at java.lang.reflect.Method.invoke(Method.java:498)
	at org.eclipse.lsp4j.jsonrpc.services.GenericEndpoint.lambda$null$0(GenericEndpoint.java:65)
	at org.eclipse.lsp4j.jsonrpc.services.GenericEndpoint.notify(GenericEndpoint.java:152)
	at org.eclipse.lsp4j.jsonrpc.RemoteEndpoint.handleNotification(RemoteEndpoint.java:220)
	at org.eclipse.lsp4j.jsonrpc.RemoteEndpoint.consume(RemoteEndpoint.java:187)
	at org.eclipse.lsp4j.jsonrpc.json.StreamMessageProducer.handleMessage(StreamMessageProducer.java:194)
	at org.eclipse.lsp4j.jsonrpc.json.StreamMessageProducer.listen(StreamMessageProducer.java:94)
	at org.eclipse.lsp4j.jsonrpc.json.ConcurrentMessageProcessor.run(ConcurrentMessageProcessor.java:113)
	at java.util.concurrent.Executors$RunnableAdapter.call(Executors.java:511)
	at java.util.concurrent.FutureTask.run(FutureTask.java:266)
	at java.util.concurrent.ThreadPoolExecutor.runWorker(ThreadPoolExecutor.java:1149)
	at java.util.concurrent.ThreadPoolExecutor$Worker.run(ThreadPoolExecutor.java:624)
	at java.lang.Thread.run(Thread.java:748)

Feb 10, 2023 2:53:50 PM org.eclipse.lsp4j.jsonrpc.RemoteEndpoint fallbackResponseError
SEVERE: Internal error: org.eclipse.jdt.core.compiler.InvalidInputException: Invalid_Char_In_String
java.util.concurrent.CompletionException: org.eclipse.jdt.core.compiler.InvalidInputException: Invalid_Char_In_String
	at java.util.concurrent.CompletableFuture.encodeThrowable(CompletableFuture.java:292)
	at java.util.concurrent.CompletableFuture.completeThrowable(CompletableFuture.java:308)
	at java.util.concurrent.CompletableFuture.uniAccept(CompletableFuture.java:661)
	at java.util.concurrent.CompletableFuture$UniAccept.tryFire(CompletableFuture.java:646)
	at java.util.concurrent.CompletableFuture.postComplete(CompletableFuture.java:488)
	at java.util.concurrent.CompletableFuture.completeExceptionally(CompletableFuture.java:1990)
	at scala.meta.internal.metals.CancelTokens$.$anonfun$future$1(CancelTokens.scala:40)
	at scala.meta.internal.metals.CancelTokens$.$anonfun$future$1$adapted(CancelTokens.scala:38)
	at scala.concurrent.impl.Promise$Transformation.run(Promise.scala:484)
	at java.util.concurrent.ThreadPoolExecutor.runWorker(ThreadPoolExecutor.java:1149)
	at java.util.concurrent.ThreadPoolExecutor$Worker.run(ThreadPoolExecutor.java:624)
	at java.lang.Thread.run(Thread.java:748)
Caused by: org.eclipse.jdt.core.compiler.InvalidInputException: Invalid_Char_In_String
	at org.eclipse.jdt.internal.core.util.PublicScanner.getNextToken(PublicScanner.java:1564)
	at scala.meta.internal.parsing.JavaFoldingRangeExtractor.next$1(JavaFoldingRangeExtractor.scala:100)
	at scala.meta.internal.parsing.JavaFoldingRangeExtractor.gather$1(JavaFoldingRangeExtractor.scala:147)
	at scala.meta.internal.parsing.JavaFoldingRangeExtractor.extract(JavaFoldingRangeExtractor.scala:155)
	at scala.meta.internal.parsing.FoldingRangeProvider.$anonfun$getRangedForJava$2(FoldingRangeProvider.scala:54)
	at scala.Option$WithFilter.map(Option.scala:242)
	at scala.meta.internal.parsing.FoldingRangeProvider.getRangedForJava(FoldingRangeProvider.scala:49)
	at scala.meta.internal.metals.MetalsLanguageServer.$anonfun$foldingRange$3(MetalsLanguageServer.scala:1809)
	at scala.concurrent.Future$.$anonfun$apply$1(Future.scala:678)
	at scala.concurrent.impl.Promise$Transformation.run(Promise.scala:467)
	... 3 more

Feb 10, 2023 3:03:07 PM org.eclipse.lsp4j.jsonrpc.RemoteEndpoint handleCancellation
WARNING: Unmatched cancel notification for request id 2002
Feb 10, 2023 3:05:29 PM org.eclipse.lsp4j.jsonrpc.RemoteEndpoint handleCancellation
WARNING: Unmatched cancel notification for request id 2191
Feb 10, 2023 3:06:32 PM org.eclipse.lsp4j.jsonrpc.RemoteEndpoint handleCancellation
WARNING: Unmatched cancel notification for request id 2340
Feb 10, 2023 5:32:32 PM org.eclipse.lsp4j.jsonrpc.RemoteEndpoint handleCancellation
WARNING: Unmatched cancel notification for request id 2594
Feb 10, 2023 5:32:32 PM org.eclipse.lsp4j.jsonrpc.RemoteEndpoint handleCancellation
WARNING: Unmatched cancel notification for request id 2596
2023.02.10 17:32:32 WARN  no build target for: /Users/rimantovas/Projects/meetelp/flutter_help_scout/android/src/main/java/dev/kelvinforteta/flutter_help_scout/BeaconHelpers.java
2023.02.10 17:32:35 WARN  no build target for: /Users/rimantovas/Projects/meetelp/flutter_help_scout/android/src/main/java/dev/kelvinforteta/flutter_help_scout/FlutterHelpScoutPlugin.java
